  Source.cpp
G:\From Software (Old D)\From C (SSD120)\repos\3D_CLI_ASCII\3D_CLI_ASCII\Source.cpp(60,17): warning C4305: 'initializing': truncation from 'double' to 'float'
G:\From Software (Old D)\From C (SSD120)\repos\3D_CLI_ASCII\3D_CLI_ASCII\Source.cpp(64,14): warning C4244: 'initializing': conversion from 'double' to 'float', possible loss of data
G:\From Software (Old D)\From C (SSD120)\repos\3D_CLI_ASCII\3D_CLI_ASCII\Source.cpp(71,23): warning C4018: '<': signed/unsigned mismatch
G:\From Software (Old D)\From C (SSD120)\repos\3D_CLI_ASCII\3D_CLI_ASCII\Source.cpp(79,23): warning C4018: '<': signed/unsigned mismatch
G:\From Software (Old D)\From C (SSD120)\repos\3D_CLI_ASCII\3D_CLI_ASCII\Source.cpp(323,24): warning C4309: '=': truncation of constant value
G:\From Software (Old D)\From C (SSD120)\repos\3D_CLI_ASCII\3D_CLI_ASCII\Source.cpp(329,24): warning C4309: '=': truncation of constant value
G:\From Software (Old D)\From C (SSD120)\repos\3D_CLI_ASCII\3D_CLI_ASCII\Source.cpp(332,24): warning C4309: '=': truncation of constant value
G:\From Software (Old D)\From C (SSD120)\repos\3D_CLI_ASCII\3D_CLI_ASCII\Source.cpp(335,24): warning C4309: '=': truncation of constant value
G:\From Software (Old D)\From C (SSD120)\repos\3D_CLI_ASCII\3D_CLI_ASCII\Source.cpp(338,24): warning C4309: '=': truncation of constant value
G:\From Software (Old D)\From C (SSD120)\repos\3D_CLI_ASCII\3D_CLI_ASCII\Source.cpp(341,24): warning C4309: '=': truncation of constant value
G:\From Software (Old D)\From C (SSD120)\repos\3D_CLI_ASCII\3D_CLI_ASCII\Source.cpp(344,24): warning C4309: '=': truncation of constant value
G:\From Software (Old D)\From C (SSD120)\repos\3D_CLI_ASCII\3D_CLI_ASCII\Source.cpp(349,24): warning C4309: '=': truncation of constant value
G:\From Software (Old D)\From C (SSD120)\repos\3D_CLI_ASCII\3D_CLI_ASCII\Source.cpp(352,24): warning C4309: '=': truncation of constant value
G:\From Software (Old D)\From C (SSD120)\repos\3D_CLI_ASCII\3D_CLI_ASCII\Source.cpp(355,24): warning C4309: '=': truncation of constant value
G:\From Software (Old D)\From C (SSD120)\repos\3D_CLI_ASCII\3D_CLI_ASCII\Source.cpp(358,24): warning C4309: '=': truncation of constant value
G:\From Software (Old D)\From C (SSD120)\repos\3D_CLI_ASCII\3D_CLI_ASCII\Source.cpp(361,24): warning C4309: '=': truncation of constant value
G:\From Software (Old D)\From C (SSD120)\repos\3D_CLI_ASCII\3D_CLI_ASCII\Source.cpp(364,24): warning C4309: '=': truncation of constant value
G:\From Software (Old D)\From C (SSD120)\repos\3D_CLI_ASCII\3D_CLI_ASCII\Source.cpp(367,24): warning C4309: '=': truncation of constant value
G:\From Software (Old D)\From C (SSD120)\repos\3D_CLI_ASCII\3D_CLI_ASCII\Source.cpp(370,24): warning C4309: '=': truncation of constant value
G:\From Software (Old D)\From C (SSD120)\repos\3D_CLI_ASCII\3D_CLI_ASCII\Source.cpp(373,24): warning C4309: '=': truncation of constant value
G:\From Software (Old D)\From C (SSD120)\repos\3D_CLI_ASCII\3D_CLI_ASCII\Source.cpp(376,24): warning C4309: '=': truncation of constant value
G:\From Software (Old D)\From C (SSD120)\repos\3D_CLI_ASCII\3D_CLI_ASCII\Source.cpp(379,24): warning C4309: '=': truncation of constant value
G:\From Software (Old D)\From C (SSD120)\repos\3D_CLI_ASCII\3D_CLI_ASCII\Source.cpp(384,24): warning C4309: '=': truncation of constant value
G:\From Software (Old D)\From C (SSD120)\repos\3D_CLI_ASCII\3D_CLI_ASCII\Source.cpp(387,24): warning C4309: '=': truncation of constant value
G:\From Software (Old D)\From C (SSD120)\repos\3D_CLI_ASCII\3D_CLI_ASCII\Source.cpp(390,24): warning C4309: '=': truncation of constant value
G:\From Software (Old D)\From C (SSD120)\repos\3D_CLI_ASCII\3D_CLI_ASCII\Source.cpp(393,24): warning C4309: '=': truncation of constant value
G:\From Software (Old D)\From C (SSD120)\repos\3D_CLI_ASCII\3D_CLI_ASCII\Source.cpp(396,24): warning C4309: '=': truncation of constant value
G:\From Software (Old D)\From C (SSD120)\repos\3D_CLI_ASCII\3D_CLI_ASCII\Source.cpp(399,24): warning C4309: '=': truncation of constant value
G:\From Software (Old D)\From C (SSD120)\repos\3D_CLI_ASCII\3D_CLI_ASCII\Source.cpp(402,24): warning C4309: '=': truncation of constant value
G:\From Software (Old D)\From C (SSD120)\repos\3D_CLI_ASCII\3D_CLI_ASCII\Source.cpp(405,24): warning C4309: '=': truncation of constant value
G:\From Software (Old D)\From C (SSD120)\repos\3D_CLI_ASCII\3D_CLI_ASCII\Source.cpp(407,18): warning C4129: '/': unrecognized character escape sequence
G:\From Software (Old D)\From C (SSD120)\repos\3D_CLI_ASCII\3D_CLI_ASCII\Source.cpp(408,24): warning C4309: '=': truncation of constant value
G:\From Software (Old D)\From C (SSD120)\repos\3D_CLI_ASCII\3D_CLI_ASCII\Source.cpp(411,24): warning C4309: '=': truncation of constant value
G:\From Software (Old D)\From C (SSD120)\repos\3D_CLI_ASCII\3D_CLI_ASCII\Source.cpp(414,24): warning C4309: '=': truncation of constant value
G:\From Software (Old D)\From C (SSD120)\repos\3D_CLI_ASCII\3D_CLI_ASCII\Source.cpp(496,36): warning C4244: '=': conversion from 'int' to 'float', possible loss of data
G:\From Software (Old D)\From C (SSD120)\repos\3D_CLI_ASCII\3D_CLI_ASCII\Source.cpp(497,36): warning C4244: '=': conversion from 'int' to 'float', possible loss of data
G:\From Software (Old D)\From C (SSD120)\repos\3D_CLI_ASCII\3D_CLI_ASCII\Source.cpp(535,31): warning C4305: '=': truncation from 'double' to 'float'
G:\From Software (Old D)\From C (SSD120)\repos\3D_CLI_ASCII\3D_CLI_ASCII\Source.cpp(630,56): warning C4305: 'initializing': truncation from 'double' to 'float'
G:\From Software (Old D)\From C (SSD120)\repos\3D_CLI_ASCII\3D_CLI_ASCII\Source.cpp(639,34): warning C4244: 'initializing': conversion from 'float' to 'int', possible loss of data
G:\From Software (Old D)\From C (SSD120)\repos\3D_CLI_ASCII\3D_CLI_ASCII\Source.cpp(640,32): warning C4244: 'initializing': conversion from 'float' to 'int', possible loss of data
G:\From Software (Old D)\From C (SSD120)\repos\3D_CLI_ASCII\3D_CLI_ASCII\Source.cpp(741,21): warning C4129: '/': unrecognized character escape sequence
  Generating code
  5 of 366 functions ( 1.4%) were compiled, the rest were copied from previous compilation.
    0 functions were new in current compilation
    0 functions had inline decision re-evaluated but remain unchanged
  Finished generating code
  3D_CLI_ASCII.vcxproj -> G:\From Software (Old D)\From C (SSD120)\repos\3D_CLI_ASCII\Release\3D_CLI_ASCII.exe
